<?xml version="1.0" encoding="UTF-8"?>
<!-- Generated by org.testng.reporters.JUnitReportReporter -->
<testsuite hostname="DESKTOP-98E3OTK" failures="0" tests="1" name="surefireplugin.ApiTest" time="0.016" errors="0" timestamp="25 May 2019 04:01:38 GMT" skipped="0">
  <testcase classname="surefireplugin.ApiTest" name="api" time="0.016"/>
</testsuite> <!-- surefireplugin.ApiTest -->
