<?xml version="1.0" encoding="UTF-8"?>
<!-- Generated by org.testng.reporters.JUnitReportReporter -->
<testsuite hostname="DESKTOP-98E3OTK" failures="0" tests="1" name="surefireplugin.Selenium" time="0.015" errors="0" timestamp="25 May 2019 04:01:38 GMT" skipped="0">
  <testcase classname="surefireplugin.Selenium" name="seleniumwithout" time="0.015"/>
</testsuite> <!-- surefireplugin.Selenium -->
